DEBUG:root:C:\Users\Public\Documents\GitHub\on-line-3DSBSBPP\Instances\Solutions\Solutions\I0_30_30_30_20.txt
DEBUG:root:Lista de espacios: [[0, 49]]
DEBUG:root:Lista ordenada: [[0, 49]]
DEBUG:root:Poniendo caja num:0,dx:9,dy:2,dz:10,posx:0,posy:0,posz:0
DEBUG:root:Nueva lista de espacios: [Espmax(9,30,0,30,0,30), Espmax(0,30,2,30,0,30), Espmax(0,9,0,2,10,30)]
DEBUG:root:Lista de espacios: [[0, 40], [1, 47], [2, 0]]
DEBUG:root:Lista ordenada: [[2, 0], [0, 40], [1, 47]]
DEBUG:root:Poniendo caja num:1,dx:9,dy:2,dz:10,posx:0,posy:0,posz:10
DEBUG:root:Nueva lista de espacios: [Espmax(9,30,0,30,0,30), Espmax(0,30,2,30,0,30), Espmax(0,9,0,2,20,30)]
DEBUG:root:Lista de espacios: [[0, 38], [1, 45]]
DEBUG:root:Lista ordenada: [[0, 38], [1, 45]]
DEBUG:root:Poniendo caja num:2,dx:10,dy:3,dz:7,posx:20,posy:0,posz:0
DEBUG:root:Match: x:0,30 y:3,30 z:0,30, x:9,30 y:3,30 z:0,30
DEBUG:root:Expandiendo x:9,30 y:3,30 z:0,30 en X con x:0,20 y:2,30 z:0,30
DEBUG:root:Nueva lista de espacios: [Espmax(0,30,3,30,0,30), Espmax(9,20,0,30,0,30), Espmax(0,20,2,30,0,30), Espmax(0,9,0,2,20,30), Espmax(20,30,0,3,7,30)]
DEBUG:root:Lista de espacios: [[0, 52], [1, 36], [2, 43], [3, 6], [4, 8]]
DEBUG:root:Lista ordenada: [[3, 6], [4, 8], [1, 36], [2, 43], [0, 52]]
DEBUG:root:Poniendo caja num:3,dx:4,dy:1,dz:6,posx:0,posy:0,posz:20
DEBUG:root:Nueva lista de espacios: [Espmax(0,30,3,30,0,30), Espmax(9,20,0,30,0,30), Espmax(0,20,2,30,0,30), Espmax(4,9,0,2,20,30), Espmax(0,9,1,2,20,30), Espmax(20,30,0,3,7,30), Espmax(0,4,0,1,26,30)]
DEBUG:root:Lista de espacios: [[0, 52], [1, 36], [2, 43], [3, 2], [5, 8]]
DEBUG:root:Lista ordenada: [[3, 2], [5, 8], [1, 36], [2, 43], [0, 52]]
DEBUG:root:Poniendo caja num:4,dx:3,dy:2,dz:6,posx:4,posy:0,posz:20
DEBUG:root:Match: x:7,9 y:1,2 z:20,30, x:7,9 y:0,2 z:20,30
DEBUG:root:Expandiendo x:0,4 y:0,1 z:26,30 en X con x:4,7 y:0,2 z:26,30
DEBUG:root:Nueva lista de espacios: [Espmax(0,30,3,30,0,30), Espmax(9,20,0,30,0,30), Espmax(0,20,2,30,0,30), Espmax(7,9,0,2,20,30), Espmax(0,4,1,2,20,30), Espmax(20,30,0,3,7,30), Espmax(0,7,0,1,26,30), Espmax(4,7,0,2,26,30)]
DEBUG:root:Lista de espacios: [[0, 37], [1, 21], [2, 28]]
DEBUG:root:Lista ordenada: [[1, 21], [2, 28], [0, 37]]
DEBUG:root:Poniendo caja num:5,dx:10,dy:10,dz:10,posx:9,posy:0,posz:0
DEBUG:root:Expandiendo x:9,20 y:10,30 z:0,30 en X con x:19,30 y:3,30 z:0,30
DEBUG:root:Expandiendo x:0,20 y:10,30 z:0,30 en X con x:19,30 y:3,30 z:0,30
DEBUG:root:Match: x:9,30 y:10,30 z:0,30, x:0,30 y:10,30 z:0,30
DEBUG:root:Match: x:0,30 y:10,30 z:0,30, x:0,30 y:10,30 z:0,30
DEBUG:root:Match: x:0,9 y:2,30 z:0,30, x:0,9 y:3,30 z:0,30
DEBUG:root:Match: x:19,20 y:2,30 z:0,30, x:19,20 y:0,30 z:0,30
DEBUG:root:Match: x:0,30 y:10,30 z:0,30, x:0,30 y:10,30 z:0,30
DEBUG:root:Nueva lista de espacios: [Espmax(19,30,3,30,0,30), Espmax(0,30,10,30,0,30), Espmax(0,9,2,30,0,30), Espmax(19,20,0,30,0,30), Espmax(7,9,0,2,20,30), Espmax(0,4,1,2,20,30), Espmax(20,30,0,3,7,30), Espmax(0,7,0,1,26,30), Espmax(4,7,0,2,26,30), Espmax(9,19,0,10,10,30)]
DEBUG:root:Lista de espacios: [[0, 18], [1, 30], [9, 0]]
DEBUG:root:Lista ordenada: [[9, 0], [0, 18], [1, 30]]
DEBUG:root:Poniendo caja num:6,dx:10,dy:10,dz:2,posx:9,posy:0,posz:10
DEBUG:root:Nueva lista de espacios: [Espmax(19,30,3,30,0,30), Espmax(0,30,10,30,0,30), Espmax(0,9,2,30,0,30), Espmax(19,20,0,30,0,30), Espmax(7,9,0,2,20,30), Espmax(0,4,1,2,20,30), Espmax(20,30,0,3,7,30), Espmax(0,7,0,1,26,30), Espmax(4,7,0,2,26,30), Espmax(9,19,0,10,12,30)]
DEBUG:root:Lista de espacios: [[0, 20], [1, 32], [2, 19], [9, 2]]
DEBUG:root:Lista ordenada: [[9, 2], [2, 19], [0, 20], [1, 32]]
DEBUG:root:Poniendo caja num:7,dx:8,dy:10,dz:10,posx:9,posy:0,posz:12
DEBUG:root:Nueva lista de espacios: [Espmax(19,30,3,30,0,30), Espmax(0,30,10,30,0,30), Espmax(0,9,2,30,0,30), Espmax(19,20,0,30,0,30), Espmax(7,9,0,2,20,30), Espmax(0,4,1,2,20,30), Espmax(20,30,0,3,7,30), Espmax(0,7,0,1,26,30), Espmax(4,7,0,2,26,30), Espmax(17,19,0,10,12,30), Espmax(9,17,0,10,22,30)]
DEBUG:root:Lista de espacios: [[0, 26], [1, 38], [6, 1]]
DEBUG:root:Lista ordenada: [[6, 1], [0, 26], [1, 38]]
DEBUG:root:Poniendo caja num:8,dx:10,dy:2,dz:5,posx:20,posy:0,posz:7
DEBUG:root:Nueva lista de espacios: [Espmax(19,30,3,30,0,30), Espmax(0,30,10,30,0,30), Espmax(0,9,2,30,0,30), Espmax(19,20,0,30,0,30), Espmax(7,9,0,2,20,30), Espmax(0,4,1,2,20,30), Espmax(20,30,2,3,7,30), Espmax(0,7,0,1,26,30), Espmax(4,7,0,2,26,30), Espmax(17,19,0,10,12,30), Espmax(9,17,0,10,22,30), Espmax(20,30,0,2,12,30)]
DEBUG:root:Lista de espacios: [[0, 21], [1, 33], [2, 20], [10, 1]]
DEBUG:root:Lista ordenada: [[10, 1], [2, 20], [0, 21], [1, 33]]
DEBUG:root:Poniendo caja num:9,dx:8,dy:9,dz:3,posx:9,posy:0,posz:22
DEBUG:root:Nueva lista de espacios: [Espmax(19,30,3,30,0,30), Espmax(0,30,10,30,0,30), Espmax(0,9,2,30,0,30), Espmax(19,20,0,30,0,30), Espmax(7,9,0,2,20,30), Espmax(0,4,1,2,20,30), Espmax(20,30,2,3,7,30), Espmax(0,7,0,1,26,30), Espmax(4,7,0,2,26,30), Espmax(17,19,0,10,12,30), Espmax(9,17,9,10,22,30), Espmax(20,30,0,2,12,30), Espmax(9,17,0,9,25,30)]
DEBUG:root:Lista de espacios: [[0, 35], [1, 47], [2, 34], [4, 1], [5, 2], [6, 8], [9, 9], [10, 6], [11, 9], [12, 14]]
DEBUG:root:Lista ordenada: [[4, 1], [5, 2], [10, 6], [6, 8], [9, 9], [11, 9], [12, 14], [2, 34], [0, 35], [1, 47]]
DEBUG:root:Poniendo caja num:10,dx:2,dy:1,dz:5,posx:7,posy:0,posz:20
DEBUG:root:Expandiendo x:7,9 y:0,1 z:25,30 en X con x:9,17 y:0,9 z:25,30
DEBUG:root:Nueva lista de espacios: [Espmax(19,30,3,30,0,30), Espmax(0,30,10,30,0,30), Espmax(0,9,2,30,0,30), Espmax(19,20,0,30,0,30), Espmax(7,9,1,2,20,30), Espmax(0,4,1,2,20,30), Espmax(20,30,2,3,7,30), Espmax(0,7,0,1,26,30), Espmax(4,7,0,2,26,30), Espmax(17,19,0,10,12,30), Espmax(9,17,9,10,22,30), Espmax(20,30,0,2,12,30), Espmax(9,17,0,9,25,30), Espmax(7,17,0,1,25,30)]
DEBUG:root:Lista de espacios: [[0, 26], [1, 38], [2, 25], [9, 0]]
DEBUG:root:Lista ordenada: [[9, 0], [2, 25], [0, 26], [1, 38]]
DEBUG:root:Poniendo caja num:11,dx:2,dy:10,dz:7,posx:17,posy:0,posz:12
DEBUG:root:Nueva lista de espacios: [Espmax(19,30,3,30,0,30), Espmax(0,30,10,30,0,30), Espmax(0,9,2,30,0,30), Espmax(19,20,0,30,0,30), Espmax(7,9,1,2,20,30), Espmax(0,4,1,2,20,30), Espmax(20,30,2,3,7,30), Espmax(0,7,0,1,26,30), Espmax(4,7,0,2,26,30), Espmax(9,17,9,10,22,30), Espmax(20,30,0,2,12,30), Espmax(9,17,0,9,25,30), Espmax(7,17,0,1,25,30), Espmax(17,19,0,10,19,30)]
DEBUG:root:Lista de espacios: [[0, 21], [1, 33], [2, 20]]
DEBUG:root:Lista ordenada: [[2, 20], [0, 21], [1, 33]]
DEBUG:root:Poniendo caja num:12,dx:8,dy:9,dz:10,posx:0,posy:21,posz:0
DEBUG:root:Nueva lista de espacios: [Espmax(19,30,3,30,0,30), Espmax(8,30,10,30,0,30), Espmax(0,30,10,21,0,30), Espmax(8,9,2,30,0,30), Espmax(0,9,2,21,0,30), Espmax(19,20,0,30,0,30), Espmax(7,9,1,2,20,30), Espmax(0,4,1,2,20,30), Espmax(20,30,2,3,7,30), Espmax(0,7,0,1,26,30), Espmax(4,7,0,2,26,30), Espmax(9,17,9,10,22,30), Espmax(20,30,0,2,12,30), Espmax(9,17,0,9,25,30), Espmax(7,17,0,1,25,30), Espmax(17,19,0,10,19,30), Espmax(0,8,21,30,10,30)]
DEBUG:root:Lista de espacios: [[0, 25], [1, 29], [2, 28], [4, 15], [16, 4]]
DEBUG:root:Lista ordenada: [[16, 4], [4, 15], [0, 25], [2, 28], [1, 29]]
DEBUG:root:Poniendo caja num:13,dx:6,dy:7,dz:8,posx:0,posy:23,posz:10
DEBUG:root:Nueva lista de espacios: [Espmax(19,30,3,30,0,30), Espmax(8,30,10,30,0,30), Espmax(0,30,10,21,0,30), Espmax(8,9,2,30,0,30), Espmax(0,9,2,21,0,30), Espmax(19,20,0,30,0,30), Espmax(7,9,1,2,20,30), Espmax(0,4,1,2,20,30), Espmax(20,30,2,3,7,30), Espmax(0,7,0,1,26,30), Espmax(4,7,0,2,26,30), Espmax(9,17,9,10,22,30), Espmax(20,30,0,2,12,30), Espmax(9,17,0,9,25,30), Espmax(7,17,0,1,25,30), Espmax(17,19,0,10,19,30), Espmax(6,8,21,30,10,30), Espmax(0,8,21,23,10,30), Espmax(0,6,23,30,18,30)]
DEBUG:root:Lista de espacios: [[0, 33], [1, 37], [2, 36], [3, 24], [4, 23], [5, 26], [15, 7], [16, 6], [18, 8]]
DEBUG:root:Lista ordenada: [[16, 6], [15, 7], [18, 8], [4, 23], [3, 24], [5, 26], [0, 33], [2, 36], [1, 37]]
DEBUG:root:Poniendo caja num:14,dx:1,dy:4,dz:9,posx:6,posy:26,posz:10
DEBUG:root:Nueva lista de espacios: [Espmax(19,30,3,30,0,30), Espmax(8,30,10,30,0,30), Espmax(0,30,10,21,0,30), Espmax(8,9,2,30,0,30), Espmax(0,9,2,21,0,30), Espmax(19,20,0,30,0,30), Espmax(7,9,1,2,20,30), Espmax(0,4,1,2,20,30), Espmax(20,30,2,3,7,30), Espmax(0,7,0,1,26,30), Espmax(4,7,0,2,26,30), Espmax(9,17,9,10,22,30), Espmax(20,30,0,2,12,30), Espmax(9,17,0,9,25,30), Espmax(7,17,0,1,25,30), Espmax(17,19,0,10,19,30), Espmax(7,8,21,30,10,30), Espmax(6,8,21,26,10,30), Espmax(0,8,21,23,10,30), Espmax(0,6,23,30,18,30), Espmax(6,7,26,30,19,30)]
DEBUG:root:Lista de espacios: [[0, 25], [1, 29], [2, 28], [4, 15]]
DEBUG:root:Lista ordenada: [[4, 15], [0, 25], [2, 28], [1, 29]]
DEBUG:root:Poniendo caja num:15,dx:3,dy:10,dz:7,posx:0,posy:2,posz:0
DEBUG:root:Expandiendo x:0,9 y:12,21 z:0,30 en X con x:8,30 y:10,30 z:0,30
DEBUG:root:Match: x:0,30 y:12,21 z:0,30, x:0,30 y:12,21 z:0,30
DEBUG:root:Nueva lista de espacios: [Espmax(19,30,3,30,0,30), Espmax(8,30,10,30,0,30), Espmax(3,30,10,21,0,30), Espmax(0,30,12,21,0,30), Espmax(8,9,2,30,0,30), Espmax(3,9,2,21,0,30), Espmax(19,20,0,30,0,30), Espmax(7,9,1,2,20,30), Espmax(0,4,1,2,20,30), Espmax(20,30,2,3,7,30), Espmax(0,7,0,1,26,30), Espmax(4,7,0,2,26,30), Espmax(9,17,9,10,22,30), Espmax(20,30,0,2,12,30), Espmax(9,17,0,9,25,30), Espmax(7,17,0,1,25,30), Espmax(17,19,0,10,19,30), Espmax(7,8,21,30,10,30), Espmax(6,8,21,26,10,30), Espmax(0,8,21,23,10,30), Espmax(0,6,23,30,18,30), Espmax(6,7,26,30,19,30), Espmax(0,3,2,12,7,30)]
DEBUG:root:Lista de espacios: [[0, 27], [1, 31], [2, 27], [3, 28]]
DEBUG:root:Lista ordenada: [[0, 27], [2, 27], [3, 28], [1, 31]]
DEBUG:root:Poniendo caja num:16,dx:7,dy:4,dz:8,posx:23,posy:26,posz:0
DEBUG:root:Nueva lista de espacios: [Espmax(19,23,3,30,0,30), Espmax(19,30,3,26,0,30), Espmax(8,23,10,30,0,30), Espmax(8,30,10,26,0,30), Espmax(3,30,10,21,0,30), Espmax(0,30,12,21,0,30), Espmax(8,9,2,30,0,30), Espmax(3,9,2,21,0,30), Espmax(19,20,0,30,0,30), Espmax(7,9,1,2,20,30), Espmax(0,4,1,2,20,30), Espmax(20,30,2,3,7,30), Espmax(0,7,0,1,26,30), Espmax(4,7,0,2,26,30), Espmax(9,17,9,10,22,30), Espmax(20,30,0,2,12,30), Espmax(9,17,0,9,25,30), Espmax(7,17,0,1,25,30), Espmax(17,19,0,10,19,30), Espmax(7,8,21,30,10,30), Espmax(6,8,21,26,10,30), Espmax(0,8,21,23,10,30), Espmax(0,6,23,30,18,30), Espmax(6,7,26,30,19,30), Espmax(0,3,2,12,7,30), Espmax(23,30,26,30,8,30)]
DEBUG:root:Lista de espacios: [[1, 18], [2, 19], [3, 22], [4, 22], [5, 23], [16, 1]]
DEBUG:root:Lista ordenada: [[16, 1], [1, 18], [2, 19], [3, 22], [4, 22], [5, 23]]
DEBUG:root:Poniendo caja num:17,dx:8,dy:8,dz:5,posx:9,posy:0,posz:25
DEBUG:root:Nueva lista de espacios: [Espmax(19,23,3,30,0,30), Espmax(19,30,3,26,0,30), Espmax(8,23,10,30,0,30), Espmax(8,30,10,26,0,30), Espmax(3,30,10,21,0,30), Espmax(0,30,12,21,0,30), Espmax(8,9,2,30,0,30), Espmax(3,9,2,21,0,30), Espmax(19,20,0,30,0,30), Espmax(7,9,1,2,20,30), Espmax(0,4,1,2,20,30), Espmax(20,30,2,3,7,30), Espmax(0,7,0,1,26,30), Espmax(4,7,0,2,26,30), Espmax(9,17,9,10,22,30), Espmax(20,30,0,2,12,30), Espmax(9,17,8,9,25,30), Espmax(7,9,0,1,25,30), Espmax(17,19,0,10,19,30), Espmax(7,8,21,30,10,30), Espmax(6,8,21,26,10,30), Espmax(0,8,21,23,10,30), Espmax(0,6,23,30,18,30), Espmax(6,7,26,30,19,30), Espmax(0,3,2,12,7,30), Espmax(23,30,26,30,8,30)]
DEBUG:root:Lista de espacios: [[0, 22], [1, 25], [2, 26], [3, 29], [4, 29], [5, 30], [7, 16], [22, 4]]
DEBUG:root:Lista ordenada: [[22, 4], [7, 16], [0, 22], [1, 25], [2, 26], [3, 29], [4, 29], [5, 30]]
DEBUG:root:Poniendo caja num:18,dx:4,dy:5,dz:7,posx:0,posy:25,posz:18
DEBUG:root:Nueva lista de espacios: [Espmax(19,23,3,30,0,30), Espmax(19,30,3,26,0,30), Espmax(8,23,10,30,0,30), Espmax(8,30,10,26,0,30), Espmax(3,30,10,21,0,30), Espmax(0,30,12,21,0,30), Espmax(8,9,2,30,0,30), Espmax(3,9,2,21,0,30), Espmax(19,20,0,30,0,30), Espmax(7,9,1,2,20,30), Espmax(0,4,1,2,20,30), Espmax(20,30,2,3,7,30), Espmax(0,7,0,1,26,30), Espmax(4,7,0,2,26,30), Espmax(9,17,9,10,22,30), Espmax(20,30,0,2,12,30), Espmax(9,17,8,9,25,30), Espmax(7,9,0,1,25,30), Espmax(17,19,0,10,19,30), Espmax(7,8,21,30,10,30), Espmax(6,8,21,26,10,30), Espmax(0,8,21,23,10,30), Espmax(4,6,23,30,18,30), Espmax(0,6,23,25,18,30), Espmax(6,7,26,30,19,30), Espmax(0,3,2,12,7,30), Espmax(23,30,26,30,8,30), Espmax(0,4,25,30,25,30)]
DEBUG:root:Lista de espacios: [[0, 27], [1, 30], [2, 31], [3, 34], [4, 34], [5, 35], [7, 21], [13, 1], [15, 8], [18, 8], [20, 3], [21, 6], [22, 5], [23, 4], [25, 9], [26, 7], [27, 5]]
DEBUG:root:Lista ordenada: [[13, 1], [20, 3], [23, 4], [22, 5], [27, 5], [21, 6], [26, 7], [15, 8], [18, 8], [25, 9], [7, 21], [0, 27], [1, 30], [2, 31], [3, 34], [4, 34], [5, 35]]
DEBUG:root:Poniendo caja num:19,dx:2,dy:2,dz:4,posx:4,posy:0,posz:26
DEBUG:root:Match: x:6,7 y:0,2 z:26,30, x:6,7 y:0,1 z:26,30
DEBUG:root:Nueva lista de espacios: [Espmax(19,23,3,30,0,30), Espmax(19,30,3,26,0,30), Espmax(8,23,10,30,0,30), Espmax(8,30,10,26,0,30), Espmax(3,30,10,21,0,30), Espmax(0,30,12,21,0,30), Espmax(8,9,2,30,0,30), Espmax(3,9,2,21,0,30), Espmax(19,20,0,30,0,30), Espmax(7,9,1,2,20,30), Espmax(0,4,1,2,20,30), Espmax(20,30,2,3,7,30), Espmax(6,7,0,2,26,30), Espmax(0,4,0,1,26,30), Espmax(9,17,9,10,22,30), Espmax(20,30,0,2,12,30), Espmax(9,17,8,9,25,30), Espmax(7,9,0,1,25,30), Espmax(17,19,0,10,19,30), Espmax(7,8,21,30,10,30), Espmax(6,8,21,26,10,30), Espmax(0,8,21,23,10,30), Espmax(4,6,23,30,18,30), Espmax(0,6,23,25,18,30), Espmax(6,7,26,30,19,30), Espmax(0,3,2,12,7,30), Espmax(23,30,26,30,8,30), Espmax(0,4,25,30,25,30)]
DEBUG:root:C:\Users\Public\Documents\GitHub\on-line-3DSBSBPP\Instances\Solutions\Solutions\I1_30_30_30_20.txt
DEBUG:root:Lista de espacios: [[1, 23], [2, 24], [3, 27], [4, 27], [5, 28], [15, 1], [28, 49]]
DEBUG:root:Lista ordenada: [[15, 1], [1, 23], [2, 24], [3, 27], [4, 27], [5, 28], [28, 49]]
DEBUG:root:Poniendo caja num:0,dx:9,dy:2,dz:10,posx:21,posy:0,posz:12
DEBUG:root:Expandiendo x:19,23 y:3,30 z:0,30 en X con x:0,21 y:0,30 z:0,30
DEBUG:root:Expandiendo x:19,30 y:3,26 z:0,30 en X con x:0,23 y:3,30 z:0,30
DEBUG:root:Expandiendo x:8,23 y:10,30 z:0,30 en Y con x:0,30 y:3,26 z:0,30
DEBUG:root:Expandiendo x:8,30 y:10,26 z:0,30 en Y con x:0,30 y:3,26 z:0,30
DEBUG:root:Expandiendo x:3,30 y:10,21 z:0,30 en Y con x:0,30 y:3,26 z:0,30
DEBUG:root:Match: x:0,30 y:12,21 z:0,30, x:0,30 y:3,26 z:0,30
DEBUG:root:Expandiendo x:3,9 y:2,21 z:0,30 en Y con x:0,30 y:3,26 z:0,30
DEBUG:root:Match: x:0,30 y:2,30 z:0,30, x:0,30 y:3,26 z:0,30
DEBUG:root:Match: x:0,23 y:3,30 z:0,30, x:8,23 y:3,30 z:0,30
DEBUG:root:Match: x:8,23 y:3,30 z:0,30, x:8,23 y:3,30 z:0,30
DEBUG:root:Expandiendo x:8,23 y:3,30 z:0,30 en X con x:0,21 y:0,30 z:0,30
DEBUG:root:Expandiendo x:8,30 y:3,26 z:0,30 en X con x:3,9 y:2,26 z:0,30
DEBUG:root:Match: x:0,21 y:0,30 z:0,30, x:19,20 y:0,30 z:0,30
DEBUG:root:Match: x:0,23 y:3,30 z:0,30, x:0,23 y:3,30 z:0,30
DEBUG:root:Match: x:8,23 y:3,30 z:0,30, x:0,23 y:3,30 z:0,30
DEBUG:root:Expandiendo x:3,9 y:2,26 z:0,30 en Y con x:0,23 y:3,30 z:0,30
DEBUG:root:Match: x:0,30 y:2,30 z:0,30, x:0,30 y:3,26 z:0,30
DEBUG:root:Match: x:3,9 y:2,30 z:0,30, x:8,9 y:2,30 z:0,30
DEBUG:root:Expandiendo x:8,9 y:2,30 z:0,30 en Y con x:0,21 y:0,30 z:0,30
DEBUG:root:Match: x:0,23 y:3,30 z:0,30, x:0,23 y:3,30 z:0,30
DEBUG:root:Expandiendo x:0,23 y:3,30 z:0,30 en Y con x:0,30 y:2,30 z:0,30
DEBUG:root:Match: x:3,9 y:2,30 z:0,30, x:0,30 y:2,30 z:0,30
DEBUG:root:Expandiendo x:0,23 y:3,30 z:0,30 en Y con x:0,30 y:2,30 z:0,30
DEBUG:root:Nueva lista de espacios: [Espmax(0,23,2,30,0,30), Espmax(0,30,2,30,0,30), Espmax(0,21,0,30,0,30), Espmax(7,9,1,2,20,30), Espmax(0,4,1,2,20,30), Espmax(20,30,2,3,7,30), Espmax(6,7,0,2,26,30), Espmax(0,4,0,1,26,30), Espmax(9,17,9,10,22,30), Espmax(20,21,0,2,12,30), Espmax(9,17,8,9,25,30), Espmax(7,9,0,1,25,30), Espmax(17,19,0,10,19,30), Espmax(7,8,21,30,10,30), Espmax(6,8,21,26,10,30), Espmax(0,8,21,23,10,30), Espmax(4,6,23,30,18,30), Espmax(0,6,23,25,18,30), Espmax(6,7,26,30,19,30), Espmax(0,3,2,12,7,30), Espmax(23,30,26,30,8,30), Espmax(0,4,25,30,25,30), Espmax(21,30,0,2,22,30)]
DEBUG:root:Lista de espacios: [[0, 40], [1, 47], [2, 40]]
DEBUG:root:Lista ordenada: [[0, 40], [2, 40], [1, 47]]
DEBUG:root:Poniendo caja num:1,dx:9,dy:2,dz:10,posx:0,posy:28,posz:0
DEBUG:root:Match: x:9,30 y:2,30 z:0,30, x:9,23 y:2,30 z:0,30
DEBUG:root:Match: x:0,30 y:2,28 z:0,30, x:0,23 y:2,28 z:0,30
DEBUG:root:Expandiendo x:7,8 y:21,28 z:10,30 en Y con x:0,9 y:28,30 z:10,30
DEBUG:root:Nueva lista de espacios: [Espmax(9,30,2,30,0,30), Espmax(0,30,2,28,0,30), Espmax(9,21,0,30,0,30), Espmax(0,21,0,28,0,30), Espmax(7,9,1,2,20,30), Espmax(0,4,1,2,20,30), Espmax(20,30,2,3,7,30), Espmax(6,7,0,2,26,30), Espmax(0,4,0,1,26,30), Espmax(9,17,9,10,22,30), Espmax(20,21,0,2,12,30), Espmax(9,17,8,9,25,30), Espmax(7,9,0,1,25,30), Espmax(17,19,0,10,19,30), Espmax(7,8,21,30,10,30), Espmax(6,8,21,26,10,30), Espmax(0,8,21,23,10,30), Espmax(4,6,23,28,18,30), Espmax(0,6,23,25,18,30), Espmax(6,7,26,28,19,30), Espmax(0,3,2,12,7,30), Espmax(23,30,26,30,8,30), Espmax(0,4,25,28,25,30), Espmax(21,30,0,2,22,30), Espmax(0,9,28,30,10,30)]
DEBUG:root:Lista de espacios: [[0, 36], [1, 43], [2, 29], [3, 36]]
DEBUG:root:Lista ordenada: [[2, 29], [0, 36], [3, 36], [1, 43]]
DEBUG:root:Poniendo caja num:2,dx:10,dy:3,dz:7,posx:9,posy:0,posz:0
DEBUG:root:Match: x:19,30 y:2,28 z:0,30, x:19,30 y:2,30 z:0,30
DEBUG:root:Expandiendo x:9,21 y:3,30 z:0,30 en X con x:19,30 y:2,30 z:0,30
DEBUG:root:Expandiendo x:19,21 y:0,28 z:0,30 en Y con x:19,30 y:2,30 z:0,30
DEBUG:root:Expandiendo x:0,21 y:3,28 z:0,30 en X con x:19,30 y:2,30 z:0,30
DEBUG:root:Match: x:9,30 y:3,30 z:0,30, x:9,30 y:3,30 z:0,30
DEBUG:root:Match: x:0,30 y:3,28 z:0,30, x:0,30 y:3,28 z:0,30
DEBUG:root:Match: x:0,9 y:0,28 z:0,30, x:0,9 y:2,28 z:0,30
DEBUG:root:Match: x:19,21 y:0,30 z:0,30, x:19,21 y:0,30 z:0,30
DEBUG:root:Nueva lista de espacios: [Espmax(19,30,2,30,0,30), Espmax(9,30,3,30,0,30), Espmax(0,30,3,28,0,30), Espmax(0,9,0,28,0,30), Espmax(19,21,0,30,0,30), Espmax(7,9,1,2,20,30), Espmax(0,4,1,2,20,30), Espmax(20,30,2,3,7,30), Espmax(6,7,0,2,26,30), Espmax(0,4,0,1,26,30), Espmax(9,17,9,10,22,30), Espmax(20,21,0,2,12,30), Espmax(9,17,8,9,25,30), Espmax(7,9,0,1,25,30), Espmax(17,19,3,10,19,30), Espmax(7,8,21,30,10,30), Espmax(6,8,21,26,10,30), Espmax(0,8,21,23,10,30), Espmax(4,6,23,28,18,30), Espmax(0,6,23,25,18,30), Espmax(6,7,26,28,19,30), Espmax(0,3,2,12,7,30), Espmax(23,30,26,30,8,30), Espmax(0,4,25,28,25,30), Espmax(21,30,0,2,22,30), Espmax(0,9,28,30,10,30), Espmax(9,19,0,3,7,30)]
DEBUG:root:Lista de espacios: [[0, 34], [1, 43], [2, 50], [3, 32], [6, 0], [7, 6], [10, 4], [17, 5], [19, 3], [22, 6], [24, 6], [25, 6], [26, 8]]
DEBUG:root:Lista ordenada: [[6, 0], [19, 3], [10, 4], [17, 5], [7, 6], [22, 6], [24, 6], [25, 6], [26, 8], [3, 32], [0, 34], [1, 43], [2, 50]]
DEBUG:root:Poniendo caja num:3,dx:4,dy:1,dz:6,posx:0,posy:1,posz:20
DEBUG:root:Match: x:0,4 y:1,2 z:26,30, x:0,4 y:0,1 z:26,30
DEBUG:root:Nueva lista de espacios: [Espmax(19,30,2,30,0,30), Espmax(9,30,3,30,0,30), Espmax(0,30,3,28,0,30), Espmax(4,9,0,28,0,30), Espmax(0,9,2,28,0,30), Espmax(0,9,0,1,0,30), Espmax(19,21,0,30,0,30), Espmax(7,9,1,2,20,30), Espmax(20,30,2,3,7,30), Espmax(6,7,0,2,26,30), Espmax(0,4,0,2,26,30), Espmax(9,17,9,10,22,30), Espmax(20,21,0,2,12,30), Espmax(9,17,8,9,25,30), Espmax(7,9,0,1,25,30), Espmax(17,19,3,10,19,30), Espmax(7,8,21,30,10,30), Espmax(6,8,21,26,10,30), Espmax(0,8,21,23,10,30), Espmax(4,6,23,28,18,30), Espmax(0,6,23,25,18,30), Espmax(6,7,26,28,19,30), Espmax(0,3,2,12,7,30), Espmax(23,30,26,30,8,30), Espmax(0,4,25,28,25,30), Espmax(21,30,0,2,22,30), Espmax(0,9,28,30,10,30), Espmax(9,19,0,3,7,30)]
DEBUG:root:Lista de espacios: [[0, 34], [1, 43], [2, 50], [3, 28], [4, 30], [18, 5], [20, 3], [22, 8], [23, 6], [25, 6], [26, 6], [27, 8]]
DEBUG:root:Lista ordenada: [[20, 3], [18, 5], [23, 6], [25, 6], [26, 6], [22, 8], [27, 8], [3, 28], [4, 30], [0, 34], [1, 43], [2, 50]]
DEBUG:root:Poniendo caja num:4,dx:3,dy:2,dz:6,posx:0,posy:23,posz:18
DEBUG:root:Expandiendo x:0,9 y:25,28 z:0,30 en X con x:9,30 y:3,30 z:0,30
DEBUG:root:Match: x:0,30 y:25,28 z:0,30, x:0,30 y:25,28 z:0,30
DEBUG:root:Nueva lista de espacios: [Espmax(19,30,2,30,0,30), Espmax(9,30,3,30,0,30), Espmax(3,30,3,28,0,30), Espmax(0,30,25,28,0,30), Espmax(0,30,3,23,0,30), Espmax(4,9,0,28,0,30), Espmax(3,9,2,28,0,30), Espmax(0,9,2,23,0,30), Espmax(0,9,0,1,0,30), Espmax(19,21,0,30,0,30), Espmax(7,9,1,2,20,30), Espmax(20,30,2,3,7,30), Espmax(6,7,0,2,26,30), Espmax(0,4,0,2,26,30), Espmax(9,17,9,10,22,30), Espmax(20,21,0,2,12,30), Espmax(9,17,8,9,25,30), Espmax(7,9,0,1,25,30), Espmax(17,19,3,10,19,30), Espmax(7,8,21,30,10,30), Espmax(6,8,21,26,10,30), Espmax(0,8,21,23,10,30), Espmax(4,6,23,28,18,30), Espmax(3,6,23,25,18,30), Espmax(6,7,26,28,19,30), Espmax(0,3,2,12,7,30), Espmax(23,30,26,30,8,30), Espmax(0,4,25,28,25,30), Espmax(21,30,0,2,22,30), Espmax(0,9,28,30,10,30), Espmax(9,19,0,3,7,30), Espmax(0,3,23,25,24,30)]
DEBUG:root:Lista de espacios: [[0, 19], [1, 28], [2, 32], [4, 30]]
DEBUG:root:Lista ordenada: [[0, 19], [1, 28], [4, 30], [2, 32]]
DEBUG:root:Poniendo caja num:5,dx:10,dy:10,dz:10,posx:20,posy:20,posz:0
DEBUG:root:Match: x:19,20 y:0,30 z:0,30, x:19,20 y:2,30 z:0,30
DEBUG:root:Expandiendo x:19,20 y:2,30 z:0,30 en Y con x:19,21 y:0,20 z:0,30
DEBUG:root:Expandiendo x:9,30 y:3,20 z:0,30 en X con x:3,20 y:3,28 z:0,30
DEBUG:root:Match: x:3,30 y:3,20 z:0,30, x:3,30 y:3,20 z:0,30
DEBUG:root:Expandiendo x:3,30 y:3,20 z:0,30 en X con x:0,20 y:3,23 z:0,30
DEBUG:root:Match: x:0,30 y:3,20 z:0,30, x:0,30 y:3,20 z:0,30
DEBUG:root:Match: x:0,30 y:3,20 z:0,30, x:3,30 y:3,20 z:0,30
DEBUG:root:Expandiendo x:3,30 y:3,20 z:0,30 en X con x:0,20 y:3,23 z:0,30
DEBUG:root:Nueva lista de espacios: [Espmax(19,20,0,30,0,30), Espmax(19,30,2,20,0,30), Espmax(9,20,3,30,0,30), Espmax(0,30,3,20,0,30), Espmax(3,20,3,28,0,30), Espmax(0,20,25,28,0,30), Espmax(0,20,3,23,0,30), Espmax(4,9,0,28,0,30), Espmax(3,9,2,28,0,30), Espmax(0,9,2,23,0,30), Espmax(0,9,0,1,0,30), Espmax(19,21,0,20,0,30), Espmax(7,9,1,2,20,30), Espmax(20,30,2,3,7,30), Espmax(6,7,0,2,26,30), Espmax(0,4,0,2,26,30), Espmax(9,17,9,10,22,30), Espmax(20,21,0,2,12,30), Espmax(9,17,8,9,25,30), Espmax(7,9,0,1,25,30), Espmax(17,19,3,10,19,30), Espmax(7,8,21,30,10,30), Espmax(6,8,21,26,10,30), Espmax(0,8,21,23,10,30), Espmax(4,6,23,28,18,30), Espmax(3,6,23,25,18,30), Espmax(6,7,26,28,19,30), Espmax(0,3,2,12,7,30), Espmax(0,4,25,28,25,30), Espmax(21,30,0,2,22,30), Espmax(0,9,28,30,10,30), Espmax(9,19,0,3,7,30), Espmax(0,3,23,25,24,30), Espmax(20,30,20,30,10,30)]
DEBUG:root:Lista de espacios: [[1, 9], [2, 18], [3, 27], [4, 22], [6, 20], [33, 0]]
DEBUG:root:Lista ordenada: [[33, 0], [1, 9], [2, 18], [6, 20], [4, 22], [3, 27]]
DEBUG:root:Poniendo caja num:6,dx:10,dy:10,dz:2,posx:20,posy:20,posz:10
DEBUG:root:Nueva lista de espacios: [Espmax(19,20,0,30,0,30), Espmax(19,30,2,20,0,30), Espmax(9,20,3,30,0,30), Espmax(0,30,3,20,0,30), Espmax(3,20,3,28,0,30), Espmax(0,20,25,28,0,30), Espmax(0,20,3,23,0,30), Espmax(4,9,0,28,0,30), Espmax(3,9,2,28,0,30), Espmax(0,9,2,23,0,30), Espmax(0,9,0,1,0,30), Espmax(19,21,0,20,0,30), Espmax(7,9,1,2,20,30), Espmax(20,30,2,3,7,30), Espmax(6,7,0,2,26,30), Espmax(0,4,0,2,26,30), Espmax(9,17,9,10,22,30), Espmax(20,21,0,2,12,30), Espmax(9,17,8,9,25,30), Espmax(7,9,0,1,25,30), Espmax(17,19,3,10,19,30), Espmax(7,8,21,30,10,30), Espmax(6,8,21,26,10,30), Espmax(0,8,21,23,10,30), Espmax(4,6,23,28,18,30), Espmax(3,6,23,25,18,30), Espmax(6,7,26,28,19,30), Espmax(0,3,2,12,7,30), Espmax(0,4,25,28,25,30), Espmax(21,30,0,2,22,30), Espmax(0,9,28,30,10,30), Espmax(9,19,0,3,7,30), Espmax(0,3,23,25,24,30), Espmax(20,30,20,30,12,30)]
DEBUG:root:Lista de espacios: [[1, 11], [2, 20], [3, 29], [4, 24], [6, 22], [9, 12], [33, 2]]
DEBUG:root:Lista ordenada: [[33, 2], [1, 11], [9, 12], [2, 20], [6, 22], [4, 24], [3, 29]]
DEBUG:root:Poniendo caja num:7,dx:8,dy:10,dz:10,posx:22,posy:20,posz:12
DEBUG:root:Nueva lista de espacios: [Espmax(19,20,0,30,0,30), Espmax(19,30,2,20,0,30), Espmax(9,20,3,30,0,30), Espmax(0,30,3,20,0,30), Espmax(3,20,3,28,0,30), Espmax(0,20,25,28,0,30), Espmax(0,20,3,23,0,30), Espmax(4,9,0,28,0,30), Espmax(3,9,2,28,0,30), Espmax(0,9,2,23,0,30), Espmax(0,9,0,1,0,30), Espmax(19,21,0,20,0,30), Espmax(7,9,1,2,20,30), Espmax(20,30,2,3,7,30), Espmax(6,7,0,2,26,30), Espmax(0,4,0,2,26,30), Espmax(9,17,9,10,22,30), Espmax(20,21,0,2,12,30), Espmax(9,17,8,9,25,30), Espmax(7,9,0,1,25,30), Espmax(17,19,3,10,19,30), Espmax(7,8,21,30,10,30), Espmax(6,8,21,26,10,30), Espmax(0,8,21,23,10,30), Espmax(4,6,23,28,18,30), Espmax(3,6,23,25,18,30), Espmax(6,7,26,28,19,30), Espmax(0,3,2,12,7,30), Espmax(0,4,25,28,25,30), Espmax(21,30,0,2,22,30), Espmax(0,9,28,30,10,30), Espmax(9,19,0,3,7,30), Espmax(0,3,23,25,24,30), Espmax(20,22,20,30,12,30), Espmax(22,30,20,30,22,30)]
DEBUG:root:Lista de espacios: [[1, 17], [2, 26], [3, 35], [4, 30], [5, 11], [6, 28], [31, 1]]
DEBUG:root:Lista ordenada: [[31, 1], [5, 11], [1, 17], [2, 26], [6, 28], [4, 30], [3, 35]]
DEBUG:root:Poniendo caja num:8,dx:10,dy:2,dz:5,posx:9,posy:0,posz:7
DEBUG:root:Nueva lista de espacios: [Espmax(19,20,0,30,0,30), Espmax(19,30,2,20,0,30), Espmax(9,20,3,30,0,30), Espmax(0,30,3,20,0,30), Espmax(3,20,3,28,0,30), Espmax(0,20,25,28,0,30), Espmax(0,20,3,23,0,30), Espmax(4,9,0,28,0,30), Espmax(3,9,2,28,0,30), Espmax(0,9,2,23,0,30), Espmax(0,9,0,1,0,30), Espmax(19,21,0,20,0,30), Espmax(7,9,1,2,20,30), Espmax(20,30,2,3,7,30), Espmax(6,7,0,2,26,30), Espmax(0,4,0,2,26,30), Espmax(9,17,9,10,22,30), Espmax(20,21,0,2,12,30), Espmax(9,17,8,9,25,30), Espmax(7,9,0,1,25,30), Espmax(17,19,3,10,19,30), Espmax(7,8,21,30,10,30), Espmax(6,8,21,26,10,30), Espmax(0,8,21,23,10,30), Espmax(4,6,23,28,18,30), Espmax(3,6,23,25,18,30), Espmax(6,7,26,28,19,30), Espmax(0,3,2,12,7,30), Espmax(0,4,25,28,25,30), Espmax(21,30,0,2,22,30), Espmax(0,9,28,30,10,30), Espmax(9,19,2,3,7,30), Espmax(0,3,23,25,24,30), Espmax(20,22,20,30,12,30), Espmax(22,30,20,30,22,30), Espmax(9,19,0,2,12,30)]
DEBUG:root:Lista de espacios: [[1, 12], [2, 21], [3, 30], [4, 25], [6, 23], [9, 13], [34, 1]]
DEBUG:root:Lista ordenada: [[34, 1], [1, 12], [9, 13], [2, 21], [6, 23], [4, 25], [3, 30]]
DEBUG:root:Poniendo caja num:9,dx:8,dy:9,dz:3,posx:22,posy:21,posz:22
DEBUG:root:Nueva lista de espacios: [Espmax(19,20,0,30,0,30), Espmax(19,30,2,20,0,30), Espmax(9,20,3,30,0,30), Espmax(0,30,3,20,0,30), Espmax(3,20,3,28,0,30), Espmax(0,20,25,28,0,30), Espmax(0,20,3,23,0,30), Espmax(4,9,0,28,0,30), Espmax(3,9,2,28,0,30), Espmax(0,9,2,23,0,30), Espmax(0,9,0,1,0,30), Espmax(19,21,0,20,0,30), Espmax(7,9,1,2,20,30), Espmax(20,30,2,3,7,30), Espmax(6,7,0,2,26,30), Espmax(0,4,0,2,26,30), Espmax(9,17,9,10,22,30), Espmax(20,21,0,2,12,30), Espmax(9,17,8,9,25,30), Espmax(7,9,0,1,25,30), Espmax(17,19,3,10,19,30), Espmax(7,8,21,30,10,30), Espmax(6,8,21,26,10,30), Espmax(0,8,21,23,10,30), Espmax(4,6,23,28,18,30), Espmax(3,6,23,25,18,30), Espmax(6,7,26,28,19,30), Espmax(0,3,2,12,7,30), Espmax(0,4,25,28,25,30), Espmax(21,30,0,2,22,30), Espmax(0,9,28,30,10,30), Espmax(9,19,2,3,7,30), Espmax(0,3,23,25,24,30), Espmax(20,22,20,30,12,30), Espmax(22,30,20,21,22,30), Espmax(9,19,0,2,12,30), Espmax(22,30,21,30,25,30)]
DEBUG:root:Lista de espacios: [[1, 26], [2, 35], [3, 44], [4, 39], [5, 20], [6, 37], [7, 30], [8, 29], [9, 27], [10, 7], [11, 19], [12, 0], [13, 8], [16, 6], [18, 6], [19, 0], [20, 6], [22, 4], [23, 7], [24, 4], [25, 2], [27, 10], [28, 4], [29, 8], [30, 8], [31, 8], [32, 2], [33, 9], [34, 6], [35, 9], [36, 14]]
DEBUG:root:Lista ordenada: [[12, 0], [19, 0], [25, 2], [32, 2], [22, 4], [24, 4], [28, 4], [16, 6], [18, 6], [20, 6], [34, 6], [10, 7], [23, 7], [13, 8], [29, 8], [30, 8], [31, 8], [33, 9], [35, 9], [27, 10], [36, 14], [11, 19], [5, 20], [1, 26], [9, 27], [8, 29], [7, 30], [2, 35], [6, 37], [4, 39], [3, 44]]
DEBUG:root:Poniendo caja num:10,dx:2,dy:1,dz:5,posx:7,posy:1,posz:20
DEBUG:root:Match: x:3,9 y:2,28 z:0,30, x:4,9 y:2,28 z:0,30
DEBUG:root:Match: x:0,9 y:0,1 z:0,30, x:4,9 y:0,1 z:0,30
DEBUG:root:Match: x:7,9 y:1,2 z:25,30, x:7,9 y:0,1 z:25,30
DEBUG:root:Nueva lista de espacios: [Espmax(19,20,0,30,0,30), Espmax(19,30,2,20,0,30), Espmax(9,20,3,30,0,30), Espmax(0,30,3,20,0,30), Espmax(3,20,3,28,0,30), Espmax(0,20,25,28,0,30), Espmax(0,20,3,23,0,30), Espmax(3,9,2,28,0,30), Espmax(4,7,0,28,0,30), Espmax(0,9,0,1,0,30), Espmax(0,9,2,23,0,30), Espmax(19,21,0,20,0,30), Espmax(20,30,2,3,7,30), Espmax(6,7,0,2,26,30), Espmax(0,4,0,2,26,30), Espmax(9,17,9,10,22,30), Espmax(20,21,0,2,12,30), Espmax(9,17,8,9,25,30), Espmax(7,9,0,2,25,30), Espmax(17,19,3,10,19,30), Espmax(7,8,21,30,10,30), Espmax(6,8,21,26,10,30), Espmax(0,8,21,23,10,30), Espmax(4,6,23,28,18,30), Espmax(3,6,23,25,18,30), Espmax(6,7,26,28,19,30), Espmax(0,3,2,12,7,30), Espmax(0,4,25,28,25,30), Espmax(21,30,0,2,22,30), Espmax(0,9,28,30,10,30), Espmax(9,19,2,3,7,30), Espmax(0,3,23,25,24,30), Espmax(20,22,20,30,12,30), Espmax(22,30,20,21,22,30), Espmax(9,19,0,2,12,30), Espmax(22,30,21,30,25,30)]
DEBUG:root:Lista de espacios: [[1, 17], [2, 26], [3, 35], [4, 30], [6, 28], [7, 20], [8, 19], [10, 18], [11, 10], [26, 1], [32, 0]]
DEBUG:root:Lista ordenada: [[32, 0], [26, 1], [11, 10], [1, 17], [10, 18], [8, 19], [7, 20], [2, 26], [6, 28], [4, 30], [3, 35]]
DEBUG:root:Poniendo caja num:11,dx:2,dy:10,dz:7,posx:20,posy:20,posz:12
DEBUG:root:Nueva lista de espacios: [Espmax(19,20,0,30,0,30), Espmax(19,30,2,20,0,30), Espmax(9,20,3,30,0,30), Espmax(0,30,3,20,0,30), Espmax(3,20,3,28,0,30), Espmax(0,20,25,28,0,30), Espmax(0,20,3,23,0,30), Espmax(3,9,2,28,0,30), Espmax(4,7,0,28,0,30), Espmax(0,9,0,1,0,30), Espmax(0,9,2,23,0,30), Espmax(19,21,0,20,0,30), Espmax(20,30,2,3,7,30), Espmax(6,7,0,2,26,30), Espmax(0,4,0,2,26,30), Espmax(9,17,9,10,22,30), Espmax(20,21,0,2,12,30), Espmax(9,17,8,9,25,30), Espmax(7,9,0,2,25,30), Espmax(17,19,3,10,19,30), Espmax(7,8,21,30,10,30), Espmax(6,8,21,26,10,30), Espmax(0,8,21,23,10,30), Espmax(4,6,23,28,18,30), Espmax(3,6,23,25,18,30), Espmax(6,7,26,28,19,30), Espmax(0,3,2,12,7,30), Espmax(0,4,25,28,25,30), Espmax(21,30,0,2,22,30), Espmax(0,9,28,30,10,30), Espmax(9,19,2,3,7,30), Espmax(0,3,23,25,24,30), Espmax(22,30,20,21,22,30), Espmax(9,19,0,2,12,30), Espmax(22,30,21,30,25,30), Espmax(20,22,20,30,19,30)]
DEBUG:root:Lista de espacios: [[1, 12], [2, 21], [3, 30], [4, 25], [6, 23], [10, 13]]
DEBUG:root:Lista ordenada: [[1, 12], [10, 13], [2, 21], [6, 23], [4, 25], [3, 30]]
DEBUG:root:Poniendo caja num:12,dx:8,dy:9,dz:10,posx:22,posy:2,posz:0
DEBUG:root:Expandiendo x:19,30 y:11,20 z:0,30 en X con x:9,20 y:3,30 z:0,30
DEBUG:root:Match: x:0,30 y:11,20 z:0,30, x:9,30 y:11,20 z:0,30
DEBUG:root:Expandiendo x:9,30 y:11,20 z:0,30 en X con x:0,22 y:3,20 z:0,30
DEBUG:root:Nueva lista de espacios: [Espmax(19,20,0,30,0,30), Espmax(0,30,11,20,0,30), Espmax(19,22,2,20,0,30), Espmax(9,20,3,30,0,30), Espmax(0,22,3,20,0,30), Espmax(3,20,3,28,0,30), Espmax(0,20,25,28,0,30), Espmax(0,20,3,23,0,30), Espmax(3,9,2,28,0,30), Espmax(4,7,0,28,0,30), Espmax(0,9,0,1,0,30), Espmax(0,9,2,23,0,30), Espmax(19,21,0,20,0,30), Espmax(20,22,2,3,7,30), Espmax(6,7,0,2,26,30), Espmax(0,4,0,2,26,30), Espmax(9,17,9,10,22,30), Espmax(20,21,0,2,12,30), Espmax(9,17,8,9,25,30), Espmax(7,9,0,2,25,30), Espmax(17,19,3,10,19,30), Espmax(7,8,21,30,10,30), Espmax(6,8,21,26,10,30), Espmax(0,8,21,23,10,30), Espmax(4,6,23,28,18,30), Espmax(3,6,23,25,18,30), Espmax(6,7,26,28,19,30), Espmax(0,3,2,12,7,30), Espmax(0,4,25,28,25,30), Espmax(21,30,0,2,22,30), Espmax(0,9,28,30,10,30), Espmax(9,19,2,3,7,30), Espmax(0,3,23,25,24,30), Espmax(22,30,20,21,22,30), Espmax(9,19,0,2,12,30), Espmax(22,30,21,30,25,30), Espmax(20,22,20,30,19,30), Espmax(22,30,2,11,10,30)]
DEBUG:root:Lista de espacios: [[1, 26], [3, 25], [4, 26], [5, 29], [7, 27], [8, 19], [11, 17], [37, 4]]
DEBUG:root:Lista ordenada: [[37, 4], [11, 17], [8, 19], [3, 25], [1, 26], [4, 26], [7, 27], [5, 29]]
DEBUG:root:Poniendo caja num:13,dx:6,dy:7,dz:8,posx:24,posy:2,posz:10
DEBUG:root:Nueva lista de espacios: [Espmax(19,20,0,30,0,30), Espmax(0,30,11,20,0,30), Espmax(19,22,2,20,0,30), Espmax(9,20,3,30,0,30), Espmax(0,22,3,20,0,30), Espmax(3,20,3,28,0,30), Espmax(0,20,25,28,0,30), Espmax(0,20,3,23,0,30), Espmax(3,9,2,28,0,30), Espmax(4,7,0,28,0,30), Espmax(0,9,0,1,0,30), Espmax(0,9,2,23,0,30), Espmax(19,21,0,20,0,30), Espmax(20,22,2,3,7,30), Espmax(6,7,0,2,26,30), Espmax(0,4,0,2,26,30), Espmax(9,17,9,10,22,30), Espmax(20,21,0,2,12,30), Espmax(9,17,8,9,25,30), Espmax(7,9,0,2,25,30), Espmax(17,19,3,10,19,30), Espmax(7,8,21,30,10,30), Espmax(6,8,21,26,10,30), Espmax(0,8,21,23,10,30), Espmax(4,6,23,28,18,30), Espmax(3,6,23,25,18,30), Espmax(6,7,26,28,19,30), Espmax(0,3,2,12,7,30), Espmax(0,4,25,28,25,30), Espmax(21,30,0,2,22,30), Espmax(0,9,28,30,10,30), Espmax(9,19,2,3,7,30), Espmax(0,3,23,25,24,30), Espmax(22,30,20,21,22,30), Espmax(9,19,0,2,12,30), Espmax(22,30,21,30,25,30), Espmax(20,22,20,30,19,30), Espmax(22,30,9,11,10,30), Espmax(22,24,2,11,10,30), Espmax(24,30,2,9,18,30)]
DEBUG:root:Lista de espacios: [[0, 26], [1, 34], [2, 16], [3, 33], [4, 34], [5, 37], [7, 35], [8, 27], [9, 26], [11, 25], [12, 17], [20, 4], [21, 5], [22, 2], [24, 2], [27, 8], [36, 7], [38, 6], [39, 8]]
DEBUG:root:Lista ordenada: [[22, 2], [24, 2], [20, 4], [21, 5], [38, 6], [36, 7], [27, 8], [39, 8], [2, 16], [12, 17], [11, 25], [0, 26], [9, 26], [8, 27], [3, 33], [1, 34], [4, 34], [7, 35], [5, 37]]
DEBUG:root:Poniendo caja num:14,dx:1,dy:4,dz:9,posx:6,posy:22,posz:10
DEBUG:root:Expandiendo x:3,9 y:26,28 z:0,30 en X con x:9,20 y:3,30 z:0,30
DEBUG:root:Match: x:7,20 y:25,28 z:0,30, x:7,20 y:3,28 z:0,30
DEBUG:root:Match: x:7,20 y:3,23 z:0,30, x:7,20 y:3,28 z:0,30
DEBUG:root:Expandiendo x:4,7 y:26,28 z:0,30 en X con x:7,20 y:3,28 z:0,30
DEBUG:root:Expandiendo x:7,9 y:2,23 z:0,30 en Y con x:7,20 y:3,28 z:0,30
DEBUG:root:Match: x:0,20 y:26,28 z:0,30, x:3,20 y:26,28 z:0,30
DEBUG:root:Expandiendo x:3,20 y:26,28 z:0,30 en X con x:0,6 y:25,28 z:0,30
DEBUG:root:Match: x:3,20 y:26,28 z:0,30, x:0,20 y:26,28 z:0,30
DEBUG:root:Match: x:4,20 y:26,28 z:0,30, x:0,20 y:26,28 z:0,30
DEBUG:root:Match: x:3,6 y:2,28 z:0,30, x:3,6 y:3,28 z:0,30
DEBUG:root:Expandiendo x:3,6 y:3,28 z:0,30 en Y con x:3,9 y:2,22 z:0,30
DEBUG:root:Expandiendo x:3,20 y:3,22 z:0,30 en X con x:0,6 y:3,23 z:0,30
DEBUG:root:Match: x:0,20 y:3,22 z:0,30, x:0,20 y:3,22 z:0,30
DEBUG:root:Match: x:0,6 y:2,23 z:0,30, x:0,6 y:3,23 z:0,30
DEBUG:root:Expandiendo x:0,6 y:3,23 z:0,30 en Y con x:0,9 y:2,22 z:0,30
DEBUG:root:Match: x:7,9 y:2,28 z:0,30, x:7,9 y:2,28 z:0,30
DEBUG:root:Expandiendo x:3,9 y:2,22 z:0,30 en X con x:0,6 y:2,23 z:0,30
DEBUG:root:Match: x:0,9 y:2,22 z:0,30, x:0,9 y:2,22 z:0,30
DEBUG:root:Match: x:7,8 y:21,26 z:10,30, x:7,8 y:21,30 z:10,30
DEBUG:root:Match: x:7,8 y:21,23 z:10,30, x:7,8 y:21,30 z:10,30
DEBUG:root:Expandiendo x:6,8 y:21,22 z:10,30 en X con x:0,6 y:21,23 z:10,30
DEBUG:root:Match: x:0,8 y:21,22 z:10,30, x:0,8 y:21,22 z:10,30
DEBUG:root:Match: x:6,7 y:22,26 z:19,30, x:6,7 y:26,28 z:19,30
DEBUG:root:Match: x:7,20 y:3,28 z:0,30, x:7,20 y:3,28 z:0,30
DEBUG:root:Match: x:0,20 y:26,28 z:0,30, x:0,20 y:26,28 z:0,30
DEBUG:root:Match: x:0,20 y:26,28 z:0,30, x:0,20 y:26,28 z:0,30
DEBUG:root:Match: x:7,8 y:21,30 z:10,30, x:7,8 y:21,30 z:10,30
DEBUG:root:Match: x:0,20 y:26,28 z:0,30, x:0,20 y:26,28 z:0,30
DEBUG:root:Nueva lista de espacios: [Espmax(19,20,0,30,0,30), Espmax(0,30,11,20,0,30), Espmax(19,22,2,20,0,30), Espmax(9,20,3,30,0,30), Espmax(0,22,3,20,0,30), Espmax(7,20,3,28,0,30), Espmax(0,20,26,28,0,30), Espmax(3,6,2,28,0,30), Espmax(0,20,3,22,0,30), Espmax(0,6,25,28,0,30), Espmax(0,6,2,23,0,30), Espmax(7,9,2,28,0,30), Espmax(0,9,2,22,0,30), Espmax(4,6,0,28,0,30), Espmax(4,7,0,22,0,30), Espmax(0,9,0,1,0,30), Espmax(19,21,0,20,0,30), Espmax(20,22,2,3,7,30), Espmax(6,7,0,2,26,30), Espmax(0,4,0,2,26,30), Espmax(9,17,9,10,22,30), Espmax(20,21,0,2,12,30), Espmax(9,17,8,9,25,30), Espmax(7,9,0,2,25,30), Espmax(17,19,3,10,19,30), Espmax(7,8,21,30,10,30), Espmax(0,8,21,22,10,30), Espmax(0,6,21,23,10,30), Espmax(4,6,23,28,18,30), Espmax(3,6,23,25,18,30), Espmax(6,7,22,28,19,30), Espmax(0,3,2,12,7,30), Espmax(0,4,25,28,25,30), Espmax(21,30,0,2,22,30), Espmax(0,9,28,30,10,30), Espmax(9,19,2,3,7,30), Espmax(0,3,23,25,24,30), Espmax(22,30,20,21,22,30), Espmax(9,19,0,2,12,30), Espmax(22,30,21,30,25,30), Espmax(20,22,20,30,19,30), Espmax(22,30,9,11,10,30), Espmax(22,24,2,11,10,30), Espmax(24,30,2,9,18,30)]
DEBUG:root:Lista de espacios: [[2, 8], [3, 25], [4, 26], [5, 25], [7, 16], [8, 26], [10, 14], [12, 16], [14, 12], [31, 0]]
DEBUG:root:Lista ordenada: [[31, 0], [2, 8], [14, 12], [10, 14], [7, 16], [12, 16], [3, 25], [5, 25], [4, 26], [8, 26]]
DEBUG:root:Poniendo caja num:15,dx:3,dy:10,dz:7,posx:0,posy:2,posz:7
DEBUG:root:Expandiendo x:0,22 y:12,20 z:0,30 en X con x:3,30 y:11,20 z:0,30
DEBUG:root:Match: x:0,30 y:12,20 z:0,30, x:0,30 y:12,20 z:0,30
DEBUG:root:Expandiendo x:0,9 y:12,22 z:0,30 en X con x:9,20 y:3,30 z:0,30
DEBUG:root:Match: x:3,6 y:2,23 z:0,30, x:3,6 y:2,28 z:0,30
DEBUG:root:Match: x:0,20 y:12,22 z:0,30, x:0,20 y:12,22 z:0,30
DEBUG:root:Nueva lista de espacios: [Espmax(19,20,0,30,0,30), Espmax(3,30,11,20,0,30), Espmax(0,30,12,20,0,30), Espmax(19,22,2,20,0,30), Espmax(9,20,3,30,0,30), Espmax(3,22,3,20,0,30), Espmax(7,20,3,28,0,30), Espmax(0,20,26,28,0,30), Espmax(3,6,2,28,0,30), Espmax(3,20,3,22,0,30), Espmax(0,20,12,22,0,30), Espmax(0,6,25,28,0,30), Espmax(0,6,12,23,0,30), Espmax(7,9,2,28,0,30), Espmax(3,9,2,22,0,30), Espmax(4,6,0,28,0,30), Espmax(4,7,0,22,0,30), Espmax(0,9,0,1,0,30), Espmax(19,21,0,20,0,30), Espmax(20,22,2,3,7,30), Espmax(6,7,0,2,26,30), Espmax(0,4,0,2,26,30), Espmax(9,17,9,10,22,30), Espmax(20,21,0,2,12,30), Espmax(9,17,8,9,25,30), Espmax(7,9,0,2,25,30), Espmax(17,19,3,10,19,30), Espmax(7,8,21,30,10,30), Espmax(0,8,21,22,10,30), Espmax(0,6,21,23,10,30), Espmax(4,6,23,28,18,30), Espmax(3,6,23,25,18,30), Espmax(6,7,22,28,19,30), Espmax(0,4,25,28,25,30), Espmax(21,30,0,2,22,30), Espmax(0,9,28,30,10,30), Espmax(9,19,2,3,7,30), Espmax(0,3,23,25,24,30), Espmax(22,30,20,21,22,30), Espmax(9,19,0,2,12,30), Espmax(22,30,21,30,25,30), Espmax(20,22,20,30,19,30), Espmax(22,30,9,11,10,30), Espmax(22,24,2,11,10,30), Espmax(24,30,2,9,18,30), Espmax(0,3,2,12,14,30)]
DEBUG:root:Lista de espacios: [[1, 25], [2, 27], [4, 27], [5, 25], [6, 27], [9, 25], [10, 19]]
DEBUG:root:Lista ordenada: [[10, 19], [1, 25], [5, 25], [9, 25], [2, 27], [4, 27], [6, 27]]
DEBUG:root:Poniendo caja num:16,dx:7,dy:4,dz:8,posx:0,posy:18,posz:0
DEBUG:root:Match: x:7,30 y:12,20 z:0,30, x:7,30 y:11,20 z:0,30
DEBUG:root:Expandiendo x:7,20 y:12,22 z:0,30 en Y con x:7,30 y:11,20 z:0,30
DEBUG:root:Expandiendo x:0,20 y:12,18 z:0,30 en X con x:7,30 y:11,20 z:0,30
DEBUG:root:Expandiendo x:0,6 y:12,18 z:0,30 en X con x:3,30 y:11,18 z:0,30
DEBUG:root:Match: x:0,30 y:12,18 z:0,30, x:0,30 y:12,18 z:0,30
DEBUG:root:Match: x:0,30 y:12,18 z:0,30, x:0,30 y:12,18 z:0,30
DEBUG:root:Expandiendo x:3,20 y:3,18 z:0,30 en X con x:19,22 y:2,20 z:0,30
DEBUG:root:Expandiendo x:7,20 y:11,22 z:0,30 en Y con x:7,22 y:3,20 z:0,30
DEBUG:root:Match: x:3,22 y:3,18 z:0,30, x:3,22 y:3,18 z:0,30
DEBUG:root:Match: x:7,20 y:3,22 z:0,30, x:7,20 y:3,28 z:0,30
DEBUG:root:Match: x:7,20 y:3,22 z:0,30, x:7,20 y:3,28 z:0,30
DEBUG:root:Expandiendo x:7,9 y:2,22 z:0,30 en Y con x:7,20 y:3,28 z:0,30
DEBUG:root:Match: x:4,6 y:22,28 z:0,30, x:3,6 y:22,28 z:0,30
DEBUG:root:Match: x:3,9 y:2,18 z:0,30, x:3,6 y:2,18 z:0,30
DEBUG:root:Expandiendo x:3,6 y:2,18 z:0,30 en X con x:4,7 y:0,18 z:0,30
DEBUG:root:Expandiendo x:3,7 y:2,18 z:0,30 en X con x:7,9 y:2,28 z:0,30
DEBUG:root:Match: x:7,9 y:2,28 z:0,30, x:7,9 y:2,28 z:0,30
DEBUG:root:Match: x:4,7 y:0,18 z:0,30, x:4,6 y:0,18 z:0,30
DEBUG:root:Match: x:7,8 y:21,22 z:10,30, x:7,8 y:21,30 z:10,30
DEBUG:root:Match: x:0,30 y:12,18 z:0,30, x:0,30 y:12,18 z:0,30
DEBUG:root:Match: x:7,20 y:3,28 z:0,30, x:7,20 y:3,28 z:0,30
DEBUG:root:Nueva lista de espacios: [Espmax(19,20,0,30,0,30), Espmax(7,30,11,20,0,30), Espmax(3,30,11,18,0,30), Espmax(0,30,12,18,0,30), Espmax(19,22,2,20,0,30), Espmax(9,20,3,30,0,30), Espmax(7,22,3,20,0,30), Espmax(3,22,3,18,0,30), Espmax(7,20,3,28,0,30), Espmax(0,20,26,28,0,30), Espmax(3,6,22,28,0,30), Espmax(3,9,2,18,0,30), Espmax(0,6,25,28,0,30), Espmax(0,6,22,23,0,30), Espmax(7,9,2,28,0,30), Espmax(4,7,0,18,0,30), Espmax(0,9,0,1,0,30), Espmax(19,21,0,20,0,30), Espmax(20,22,2,3,7,30), Espmax(6,7,0,2,26,30), Espmax(0,4,0,2,26,30), Espmax(9,17,9,10,22,30), Espmax(20,21,0,2,12,30), Espmax(9,17,8,9,25,30), Espmax(7,9,0,2,25,30), Espmax(17,19,3,10,19,30), Espmax(7,8,21,30,10,30), Espmax(0,6,22,23,10,30), Espmax(4,6,23,28,18,30), Espmax(3,6,23,25,18,30), Espmax(6,7,22,28,19,30), Espmax(0,4,25,28,25,30), Espmax(21,30,0,2,22,30), Espmax(0,9,28,30,10,30), Espmax(9,19,2,3,7,30), Espmax(0,3,23,25,24,30), Espmax(22,30,20,21,22,30), Espmax(9,19,0,2,12,30), Espmax(22,30,21,30,25,30), Espmax(20,22,20,30,19,30), Espmax(22,30,9,11,10,30), Espmax(22,24,2,11,10,30), Espmax(24,30,2,9,18,30), Espmax(0,3,2,12,14,30), Espmax(0,7,18,22,8,30)]
DEBUG:root:Lista de espacios: [[1, 16], [5, 22], [6, 16], [7, 18], [8, 22], [38, 1]]
DEBUG:root:Lista ordenada: [[38, 1], [1, 16], [6, 16], [7, 18], [5, 22], [8, 22]]
DEBUG:root:Poniendo caja num:17,dx:8,dy:8,dz:5,posx:22,posy:22,posz:25
DEBUG:root:Nueva lista de espacios: [Espmax(19,20,0,30,0,30), Espmax(7,30,11,20,0,30), Espmax(3,30,11,18,0,30), Espmax(0,30,12,18,0,30), Espmax(19,22,2,20,0,30), Espmax(9,20,3,30,0,30), Espmax(7,22,3,20,0,30), Espmax(3,22,3,18,0,30), Espmax(7,20,3,28,0,30), Espmax(0,20,26,28,0,30), Espmax(3,6,22,28,0,30), Espmax(3,9,2,18,0,30), Espmax(0,6,25,28,0,30), Espmax(0,6,22,23,0,30), Espmax(7,9,2,28,0,30), Espmax(4,7,0,18,0,30), Espmax(0,9,0,1,0,30), Espmax(19,21,0,20,0,30), Espmax(20,22,2,3,7,30), Espmax(6,7,0,2,26,30), Espmax(0,4,0,2,26,30), Espmax(9,17,9,10,22,30), Espmax(20,21,0,2,12,30), Espmax(9,17,8,9,25,30), Espmax(7,9,0,2,25,30), Espmax(17,19,3,10,19,30), Espmax(7,8,21,30,10,30), Espmax(0,6,22,23,10,30), Espmax(4,6,23,28,18,30), Espmax(3,6,23,25,18,30), Espmax(6,7,22,28,19,30), Espmax(0,4,25,28,25,30), Espmax(21,30,0,2,22,30), Espmax(0,9,28,30,10,30), Espmax(9,19,2,3,7,30), Espmax(0,3,23,25,24,30), Espmax(22,30,20,21,22,30), Espmax(9,19,0,2,12,30), Espmax(22,30,21,22,25,30), Espmax(20,22,20,30,19,30), Espmax(22,30,9,11,10,30), Espmax(22,24,2,11,10,30), Espmax(24,30,2,9,18,30), Espmax(0,3,2,12,14,30), Espmax(0,7,18,22,8,30)]
DEBUG:root:Lista de espacios: [[1, 23], [2, 25], [3, 27], [5, 29], [6, 23], [7, 25], [8, 29], [11, 13], [42, 4]]
DEBUG:root:Lista ordenada: [[42, 4], [11, 13], [1, 23], [6, 23], [2, 25], [7, 25], [3, 27], [5, 29], [8, 29]]
DEBUG:root:Poniendo caja num:18,dx:4,dy:5,dz:7,posx:26,posy:2,posz:18
DEBUG:root:Nueva lista de espacios: [Espmax(19,20,0,30,0,30), Espmax(7,30,11,20,0,30), Espmax(3,30,11,18,0,30), Espmax(0,30,12,18,0,30), Espmax(19,22,2,20,0,30), Espmax(9,20,3,30,0,30), Espmax(7,22,3,20,0,30), Espmax(3,22,3,18,0,30), Espmax(7,20,3,28,0,30), Espmax(0,20,26,28,0,30), Espmax(3,6,22,28,0,30), Espmax(3,9,2,18,0,30), Espmax(0,6,25,28,0,30), Espmax(0,6,22,23,0,30), Espmax(7,9,2,28,0,30), Espmax(4,7,0,18,0,30), Espmax(0,9,0,1,0,30), Espmax(19,21,0,20,0,30), Espmax(20,22,2,3,7,30), Espmax(6,7,0,2,26,30), Espmax(0,4,0,2,26,30), Espmax(9,17,9,10,22,30), Espmax(20,21,0,2,12,30), Espmax(9,17,8,9,25,30), Espmax(7,9,0,2,25,30), Espmax(17,19,3,10,19,30), Espmax(7,8,21,30,10,30), Espmax(0,6,22,23,10,30), Espmax(4,6,23,28,18,30), Espmax(3,6,23,25,18,30), Espmax(6,7,22,28,19,30), Espmax(0,4,25,28,25,30), Espmax(21,30,0,2,22,30), Espmax(0,9,28,30,10,30), Espmax(9,19,2,3,7,30), Espmax(0,3,23,25,24,30), Espmax(22,30,20,21,22,30), Espmax(9,19,0,2,12,30), Espmax(22,30,21,22,25,30), Espmax(20,22,20,30,19,30), Espmax(22,30,9,11,10,30), Espmax(22,24,2,11,10,30), Espmax(24,30,7,9,18,30), Espmax(24,26,2,9,18,30), Espmax(0,3,2,12,14,30), Espmax(0,7,18,22,8,30), Espmax(26,30,2,7,25,30)]
DEBUG:root:Lista de espacios: [[1, 28], [2, 30], [3, 32], [4, 17], [5, 34], [6, 28], [7, 30], [8, 34], [9, 18], [10, 5], [11, 18], [12, 5], [14, 24], [15, 17], [17, 18], [20, 2], [24, 0], [25, 5], [28, 3], [29, 1], [31, 3], [32, 7], [33, 7], [35, 1], [37, 8], [39, 8], [40, 6], [41, 7], [42, 4], [43, 5], [44, 9], [45, 7], [46, 5]]
DEBUG:root:Lista ordenada: [[24, 0], [29, 1], [35, 1], [20, 2], [28, 3], [31, 3], [42, 4], [10, 5], [12, 5], [25, 5], [43, 5], [46, 5], [40, 6], [32, 7], [33, 7], [41, 7], [45, 7], [37, 8], [39, 8], [44, 9], [4, 17], [15, 17], [9, 18], [11, 18], [17, 18], [14, 24], [1, 28], [6, 28], [2, 30], [7, 30], [3, 32], [5, 34], [8, 34]]
DEBUG:root:Poniendo caja num:19,dx:2,dy:2,dz:4,posx:7,posy:0,posz:25
DEBUG:root:Nueva lista de espacios: [Espmax(19,20,0,30,0,30), Espmax(7,30,11,20,0,30), Espmax(3,30,11,18,0,30), Espmax(0,30,12,18,0,30), Espmax(19,22,2,20,0,30), Espmax(9,20,3,30,0,30), Espmax(7,22,3,20,0,30), Espmax(3,22,3,18,0,30), Espmax(7,20,3,28,0,30), Espmax(0,20,26,28,0,30), Espmax(3,6,22,28,0,30), Espmax(3,9,2,18,0,30), Espmax(0,6,25,28,0,30), Espmax(0,6,22,23,0,30), Espmax(7,9,2,28,0,30), Espmax(4,7,0,18,0,30), Espmax(0,7,0,1,0,30), Espmax(19,21,0,20,0,30), Espmax(20,22,2,3,7,30), Espmax(6,7,0,2,26,30), Espmax(0,4,0,2,26,30), Espmax(9,17,9,10,22,30), Espmax(20,21,0,2,12,30), Espmax(9,17,8,9,25,30), Espmax(17,19,3,10,19,30), Espmax(7,8,21,30,10,30), Espmax(0,6,22,23,10,30), Espmax(4,6,23,28,18,30), Espmax(3,6,23,25,18,30), Espmax(6,7,22,28,19,30), Espmax(0,4,25,28,25,30), Espmax(21,30,0,2,22,30), Espmax(0,9,28,30,10,30), Espmax(9,19,2,3,7,30), Espmax(0,3,23,25,24,30), Espmax(22,30,20,21,22,30), Espmax(9,19,0,2,12,30), Espmax(22,30,21,22,25,30), Espmax(20,22,20,30,19,30), Espmax(22,30,9,11,10,30), Espmax(22,24,2,11,10,30), Espmax(24,30,7,9,18,30), Espmax(24,26,2,9,18,30), Espmax(0,3,2,12,14,30), Espmax(0,7,18,22,8,30), Espmax(26,30,2,7,25,30), Espmax(7,9,0,2,29,30)]
